Determining if the pthread_create exist failed with the following output:
Change Dir: /home/eloi/Code/cpp_code_workouts/graph_algorithms/bfs/CMakeFiles/CMakeTmp

Run Build Command:"/usr/bin/make" "cmTC_0046e/fast"
/usr/bin/make -f CMakeFiles/cmTC_0046e.dir/build.make CMakeFiles/cmTC_0046e.dir/build
make[1]: Entering directory '/home/eloi/Code/cpp_code_workouts/graph_algorithms/bfs/CMakeFiles/CMakeTmp'
Building C object CMakeFiles/cmTC_0046e.dir/CheckSymbolExists.c.o
/usr/bin/cc    -o CMakeFiles/cmTC_0046e.dir/CheckSymbolExists.c.o   -c /home/eloi/Code/cpp_code_workouts/graph_algorithms/bfs/CMakeFiles/CMakeTmp/CheckSymbolExists.c
Linking C executable cmTC_0046e
/usr/bin/cmake -E cmake_link_script CMakeFiles/cmTC_0046e.dir/link.txt --verbose=1
/usr/bin/cc      -rdynamic CMakeFiles/cmTC_0046e.dir/CheckSymbolExists.c.o  -o cmTC_0046e 
CMakeFiles/cmTC_0046e.dir/CheckSymbolExists.c.o: In function `main':
CheckSymbolExists.c:(.text+0x1b): undefined reference to `pthread_create'
collect2: error: ld returned 1 exit status
CMakeFiles/cmTC_0046e.dir/build.make:97: recipe for target 'cmTC_0046e' failed
make[1]: *** [cmTC_0046e] Error 1
make[1]: Leaving directory '/home/eloi/Code/cpp_code_workouts/graph_algorithms/bfs/CMakeFiles/CMakeTmp'
Makefile:126: recipe for target 'cmTC_0046e/fast' failed
make: *** [cmTC_0046e/fast] Error 2

File /home/eloi/Code/cpp_code_workouts/graph_algorithms/bfs/CMakeFiles/CMakeTmp/CheckSymbolExists.c:
/* */
#include <pthread.h>

int main(int argc, char** argv)
{
  (void)argv;
#ifndef pthread_create
  return ((int*)(&pthread_create))[argc];
#else
  (void)argc;
  return 0;
#endif
}

Determining if the function pthread_create exists in the pthreads failed with the following output:
Change Dir: /home/eloi/Code/cpp_code_workouts/graph_algorithms/bfs/CMakeFiles/CMakeTmp

Run Build Command:"/usr/bin/make" "cmTC_01346/fast"
/usr/bin/make -f CMakeFiles/cmTC_01346.dir/build.make CMakeFiles/cmTC_01346.dir/build
make[1]: Entering directory '/home/eloi/Code/cpp_code_workouts/graph_algorithms/bfs/CMakeFiles/CMakeTmp'
Building C object CMakeFiles/cmTC_01346.dir/CheckFunctionExists.c.o
/usr/bin/cc   -DCHECK_FUNCTION_EXISTS=pthread_create   -o CMakeFiles/cmTC_01346.dir/CheckFunctionExists.c.o   -c /usr/share/cmake-3.10/Modules/CheckFunctionExists.c
Linking C executable cmTC_01346
/usr/bin/cmake -E cmake_link_script CMakeFiles/cmTC_01346.dir/link.txt --verbose=1
/usr/bin/cc  -DCHECK_FUNCTION_EXISTS=pthread_create    -rdynamic CMakeFiles/cmTC_01346.dir/CheckFunctionExists.c.o  -o cmTC_01346 -lpthreads 
/usr/bin/ld: cannot find -lpthreads
collect2: error: ld returned 1 exit status
CMakeFiles/cmTC_01346.dir/build.make:97: recipe for target 'cmTC_01346' failed
make[1]: *** [cmTC_01346] Error 1
make[1]: Leaving directory '/home/eloi/Code/cpp_code_workouts/graph_algorithms/bfs/CMakeFiles/CMakeTmp'
Makefile:126: recipe for target 'cmTC_01346/fast' failed
make: *** [cmTC_01346/fast] Error 2


